{"level":"info","message":"Hello from acquisition !","service":"acquisition-api"}
{"level":"info","message":"Hello from acquisition !","service":"acquisition-api"}
{"level":"info","message":"Hello from acquisition !","service":"acquisition-api"}
{"level":"info","message":"Hello from acquisition !","service":"acquisition-api"}
{"level":"info","message":"Hello from acquisition !","service":"acquisition-api"}
{"level":"info","message":"::1 - - [01/Jan/2026:20:45:32 +0000] \"GET / HTTP/1.1\" 304 - \"-\" \"Mozilla/5.0 (X11; Linux x86_64) AppleWebKit/537.36 (KHTML, like Gecko) Chrome/142.0.0.0 Safari/537.36\"","service":"acquisition-api"}
{"level":"info","message":"Hello from acquisition !","service":"acquisition-api"}
{"level":"info","message":"::1 - - [01/Jan/2026:20:45:37 +0000] \"GET / HTTP/1.1\" 304 - \"-\" \"Mozilla/5.0 (X11; Linux x86_64) AppleWebKit/537.36 (KHTML, like Gecko) Chrome/142.0.0.0 Safari/537.36\"","service":"acquisition-api"}
{"level":"info","message":"Hello from acquisition !","service":"acquisition-api"}
{"level":"info","message":"::1 - - [02/Jan/2026:14:51:15 +0000] \"GET / HTTP/1.1\" 304 - \"-\" \"Mozilla/5.0 (X11; Linux x86_64) AppleWebKit/537.36 (KHTML, like Gecko) Chrome/142.0.0.0 Safari/537.36\"","service":"acquisition-api"}
{"level":"info","message":"::1 - - [02/Jan/2026:14:51:22 +0000] \"GET /apii HTTP/1.1\" 404 143 \"-\" \"Mozilla/5.0 (X11; Linux x86_64) AppleWebKit/537.36 (KHTML, like Gecko) Chrome/142.0.0.0 Safari/537.36\"","service":"acquisition-api"}
{"level":"info","message":"::1 - - [02/Jan/2026:14:51:26 +0000] \"GET /api HTTP/1.1\" 200 40 \"-\" \"Mozilla/5.0 (X11; Linux x86_64) AppleWebKit/537.36 (KHTML, like Gecko) Chrome/142.0.0.0 Safari/537.36\"","service":"acquisition-api"}
{"level":"info","message":"::1 - - [02/Jan/2026:14:51:34 +0000] \"GET /helth HTTP/1.1\" 404 144 \"-\" \"Mozilla/5.0 (X11; Linux x86_64) AppleWebKit/537.36 (KHTML, like Gecko) Chrome/142.0.0.0 Safari/537.36\"","service":"acquisition-api"}
{"level":"info","message":"::1 - - [02/Jan/2026:14:51:44 +0000] \"GET /health HTTP/1.1\" 200 78 \"-\" \"Mozilla/5.0 (X11; Linux x86_64) AppleWebKit/537.36 (KHTML, like Gecko) Chrome/142.0.0.0 Safari/537.36\"","service":"acquisition-api"}
{"level":"info","message":"::1 - - [02/Jan/2026:16:25:34 +0000] \"POST /api/auth/sign-up HTTP/1.1\" 400 92 \"-\" \"PostmanRuntime/7.49.1\"","service":"acquisition-api"}
{"level":"info","message":"::1 - - [02/Jan/2026:16:44:07 +0000] \"POST /api/auth/sign-up HTTP/1.1\" 400 92 \"-\" \"PostmanRuntime/7.49.1\"","service":"acquisition-api"}
{"level":"info","message":"::1 - - [02/Jan/2026:16:44:25 +0000] \"POST /api/auth/sign-up HTTP/1.1\" 400 92 \"-\" \"PostmanRuntime/7.49.1\"","service":"acquisition-api"}
{"level":"info","message":"::1 - - [02/Jan/2026:16:44:40 +0000] \"POST /api/auth/sign-up HTTP/1.1\" 400 144 \"-\" \"PostmanRuntime/7.49.1\"","service":"acquisition-api"}
{"level":"info","message":"User signed up successfully: mama@gmail.com ","service":"acquisition-api"}
{"level":"info","message":"::1 - - [02/Jan/2026:16:45:07 +0000] \"POST /api/auth/sign-up HTTP/1.1\" 201 114 \"-\" \"PostmanRuntime/7.49.1\"","service":"acquisition-api"}
{"level":"error","message":"Error hashing the password: Illegal arguments: undefined, number","service":"acquisition-api","stack":"Error: Illegal arguments: undefined, number\n    at _async (file:///home/jocelyn/Projects/Devops%20projects/acquisitions/node_modules/bcryptjs/index.js:183:11)\n    at file:///home/jocelyn/Projects/Devops%20projects/acquisitions/node_modules/bcryptjs/index.js:194:7\n    at new Promise (<anonymous>)\n    at Object.hash (file:///home/jocelyn/Projects/Devops%20projects/acquisitions/node_modules/bcryptjs/index.js:193:12)\n    at hashPassword (file:///home/jocelyn/Projects/Devops%20projects/acquisitions/src/services/auth.service.js:9:25)\n    at createUser (file:///home/jocelyn/Projects/Devops%20projects/acquisitions/src/services/auth.service.js:27:34)\n    at signup (file:///home/jocelyn/Projects/Devops%20projects/acquisitions/src/controllers/auth.controller.js:22:24)\n    at process.processTicksAndRejections (node:internal/process/task_queues:105:5)"}
{"level":"error","message":"Error creating the user: Error hashing ","service":"acquisition-api","stack":"Error: Error hashing \n    at hashPassword (file:///home/jocelyn/Projects/Devops%20projects/acquisitions/src/services/auth.service.js:12:11)\n    at async createUser (file:///home/jocelyn/Projects/Devops%20projects/acquisitions/src/services/auth.service.js:27:28)\n    at async signup (file:///home/jocelyn/Projects/Devops%20projects/acquisitions/src/controllers/auth.controller.js:22:18)"}
{"level":"error","message":"Signup error: Error creating user","service":"acquisition-api","stack":"Error: Error creating user\n    at createUser (file:///home/jocelyn/Projects/Devops%20projects/acquisitions/src/services/auth.service.js:49:11)\n    at async signup (file:///home/jocelyn/Projects/Devops%20projects/acquisitions/src/controllers/auth.controller.js:22:18)"}
{"level":"info","message":"::1 - - [03/Jan/2026:21:06:53 +0000] \"POST /api/auth/sign-up HTTP/1.1\" 500 419 \"-\" \"PostmanRuntime/7.49.1\"","service":"acquisition-api"}
{"level":"info","message":"Signing up user with email: mama@gmail.com , name: Nazarien  password:Cameroun , role: user ","service":"acquisition-api"}
{"level":"error","message":"Error hashing the password: Illegal arguments: undefined, number","service":"acquisition-api","stack":"Error: Illegal arguments: undefined, number\n    at _async (file:///home/jocelyn/Projects/Devops%20projects/acquisitions/node_modules/bcryptjs/index.js:183:11)\n    at file:///home/jocelyn/Projects/Devops%20projects/acquisitions/node_modules/bcryptjs/index.js:194:7\n    at new Promise (<anonymous>)\n    at Object.hash (file:///home/jocelyn/Projects/Devops%20projects/acquisitions/node_modules/bcryptjs/index.js:193:12)\n    at hashPassword (file:///home/jocelyn/Projects/Devops%20projects/acquisitions/src/services/auth.service.js:9:25)\n    at createUser (file:///home/jocelyn/Projects/Devops%20projects/acquisitions/src/services/auth.service.js:27:34)\n    at signup (file:///home/jocelyn/Projects/Devops%20projects/acquisitions/src/controllers/auth.controller.js:25:24)\n    at process.processTicksAndRejections (node:internal/process/task_queues:105:5)"}
{"level":"error","message":"Error creating the user: Error hashing ","service":"acquisition-api","stack":"Error: Error hashing \n    at hashPassword (file:///home/jocelyn/Projects/Devops%20projects/acquisitions/src/services/auth.service.js:12:11)\n    at async createUser (file:///home/jocelyn/Projects/Devops%20projects/acquisitions/src/services/auth.service.js:27:28)\n    at async signup (file:///home/jocelyn/Projects/Devops%20projects/acquisitions/src/controllers/auth.controller.js:25:18)"}
{"level":"error","message":"Signup error: Error creating user","service":"acquisition-api","stack":"Error: Error creating user\n    at createUser (file:///home/jocelyn/Projects/Devops%20projects/acquisitions/src/services/auth.service.js:49:11)\n    at async signup (file:///home/jocelyn/Projects/Devops%20projects/acquisitions/src/controllers/auth.controller.js:25:18)"}
{"level":"info","message":"::1 - - [03/Jan/2026:21:11:28 +0000] \"POST /api/auth/sign-up HTTP/1.1\" 500 419 \"-\" \"PostmanRuntime/7.49.1\"","service":"acquisition-api"}
{"level":"info","message":"Signing up user with email: mama@gmail.com , name: Nazarien  password:Cameroun , role: user ","service":"acquisition-api"}
{"level":"info","message":"Hashing the password FROM BCRYPT","service":"acquisition-api"}
{"level":"error","message":"Error hashing the password: Illegal arguments: undefined, number","service":"acquisition-api","stack":"Error: Illegal arguments: undefined, number\n    at _async (file:///home/jocelyn/Projects/Devops%20projects/acquisitions/node_modules/bcryptjs/index.js:183:11)\n    at file:///home/jocelyn/Projects/Devops%20projects/acquisitions/node_modules/bcryptjs/index.js:194:7\n    at new Promise (<anonymous>)\n    at Object.hash (file:///home/jocelyn/Projects/Devops%20projects/acquisitions/node_modules/bcryptjs/index.js:193:12)\n    at hashPassword (file:///home/jocelyn/Projects/Devops%20projects/acquisitions/src/services/auth.service.js:10:25)\n    at createUser (file:///home/jocelyn/Projects/Devops%20projects/acquisitions/src/services/auth.service.js:28:34)\n    at signup (file:///home/jocelyn/Projects/Devops%20projects/acquisitions/src/controllers/auth.controller.js:25:24)\n    at process.processTicksAndRejections (node:internal/process/task_queues:105:5)"}
{"level":"error","message":"Error creating the user: Error hashing ","service":"acquisition-api","stack":"Error: Error hashing \n    at hashPassword (file:///home/jocelyn/Projects/Devops%20projects/acquisitions/src/services/auth.service.js:13:11)\n    at async createUser (file:///home/jocelyn/Projects/Devops%20projects/acquisitions/src/services/auth.service.js:28:28)\n    at async signup (file:///home/jocelyn/Projects/Devops%20projects/acquisitions/src/controllers/auth.controller.js:25:18)"}
{"level":"error","message":"Signup error: Error creating user","service":"acquisition-api","stack":"Error: Error creating user\n    at createUser (file:///home/jocelyn/Projects/Devops%20projects/acquisitions/src/services/auth.service.js:50:11)\n    at async signup (file:///home/jocelyn/Projects/Devops%20projects/acquisitions/src/controllers/auth.controller.js:25:18)"}
{"level":"info","message":"::1 - - [03/Jan/2026:21:14:26 +0000] \"POST /api/auth/sign-up HTTP/1.1\" 500 419 \"-\" \"PostmanRuntime/7.49.1\"","service":"acquisition-api"}
{"email":"mama@gmail.com","level":"warn","message":"VALIDATION SUCCESFUL FOR SIGNUO DATA : ","name":"Nazarien","password":"Cameroun","role":"user","service":"acquisition-api"}
{"level":"info","message":"Signing up user with email: mama@gmail.com , name: Nazarien  password:Cameroun , role: user ","service":"acquisition-api"}
{"level":"error","message":"Error hashing the password: Illegal arguments: undefined, number","service":"acquisition-api","stack":"Error: Illegal arguments: undefined, number\n    at _async (file:///home/jocelyn/Projects/Devops%20projects/acquisitions/node_modules/bcryptjs/index.js:183:11)\n    at file:///home/jocelyn/Projects/Devops%20projects/acquisitions/node_modules/bcryptjs/index.js:194:7\n    at new Promise (<anonymous>)\n    at Object.hash (file:///home/jocelyn/Projects/Devops%20projects/acquisitions/node_modules/bcryptjs/index.js:193:12)\n    at hashPassword (file:///home/jocelyn/Projects/Devops%20projects/acquisitions/src/services/auth.service.js:9:25)\n    at createUser (file:///home/jocelyn/Projects/Devops%20projects/acquisitions/src/services/auth.service.js:27:34)\n    at signup (file:///home/jocelyn/Projects/Devops%20projects/acquisitions/src/controllers/auth.controller.js:29:24)\n    at process.processTicksAndRejections (node:internal/process/task_queues:105:5)"}
{"level":"error","message":"Error creating the user: Error hashing ","service":"acquisition-api","stack":"Error: Error hashing \n    at hashPassword (file:///home/jocelyn/Projects/Devops%20projects/acquisitions/src/services/auth.service.js:12:11)\n    at async createUser (file:///home/jocelyn/Projects/Devops%20projects/acquisitions/src/services/auth.service.js:27:28)\n    at async signup (file:///home/jocelyn/Projects/Devops%20projects/acquisitions/src/controllers/auth.controller.js:29:18)"}
{"level":"error","message":"Signup error: Error creating user","service":"acquisition-api","stack":"Error: Error creating user\n    at createUser (file:///home/jocelyn/Projects/Devops%20projects/acquisitions/src/services/auth.service.js:49:11)\n    at async signup (file:///home/jocelyn/Projects/Devops%20projects/acquisitions/src/controllers/auth.controller.js:29:18)"}
{"level":"info","message":"::1 - - [03/Jan/2026:21:37:01 +0000] \"POST /api/auth/sign-up HTTP/1.1\" 500 419 \"-\" \"PostmanRuntime/7.49.1\"","service":"acquisition-api"}
{"level":"info","message":"Signing up user with email: mama@gmail.com , name: Nazarien  password:Cameroun , role: user ","service":"acquisition-api"}
{"level":"info","message":"New user created with email: mama@gmail.com","service":"acquisition-api"}
{"level":"info","message":"User signed up successfully: mama@gmail.com ","service":"acquisition-api"}
{"level":"info","message":"::1 - - [03/Jan/2026:21:38:26 +0000] \"POST /api/auth/sign-up HTTP/1.1\" 201 147 \"-\" \"PostmanRuntime/7.49.1\"","service":"acquisition-api"}
